TN:
SF:src\handler.ts
FN:23,(anonymous_7)
FN:23,(anonymous_8)
FN:27,(anonymous_9)
FN:27,(anonymous_10)
FN:31,(anonymous_11)
FN:31,(anonymous_12)
FNF:6
FNH:6
FNDA:1,(anonymous_7)
FNDA:1,(anonymous_8)
FNDA:1,(anonymous_9)
FNDA:1,(anonymous_10)
FNDA:1,(anonymous_11)
FNDA:1,(anonymous_12)
DA:4,1
DA:5,1
DA:6,1
DA:7,1
DA:9,1
DA:10,1
DA:12,1
DA:13,1
DA:14,1
DA:15,1
DA:20,1
DA:21,1
DA:23,1
DA:24,1
DA:27,1
DA:28,1
DA:31,1
DA:32,1
LF:18
LH:18
BRF:0
BRH:0
end_of_record
TN:
SF:src\controllers\ShortenerController.ts
FN:8,(anonymous_7)
FN:13,(anonymous_8)
FN:22,(anonymous_10)
FN:41,(anonymous_12)
FNF:4
FNH:4
FNDA:2,(anonymous_7)
FNDA:2,(anonymous_8)
FNDA:3,(anonymous_10)
FNDA:3,(anonymous_12)
DA:6,2
DA:9,2
DA:10,2
DA:14,2
DA:15,2
DA:16,2
DA:23,3
DA:24,3
DA:25,3
DA:26,1
DA:34,2
DA:42,3
DA:43,3
DA:44,3
DA:45,3
DA:46,1
DA:52,2
LF:17
LH:17
BRF:0
BRH:0
end_of_record
TN:
SF:src\models\UrlModel.ts
FN:9,(anonymous_0)
FN:23,(anonymous_1)
FN:24,(anonymous_2)
FN:25,(anonymous_3)
FN:26,(anonymous_4)
FN:27,(anonymous_5)
FN:29,(anonymous_6)
FNF:7
FNH:7
FNDA:20,(anonymous_0)
FNDA:10,(anonymous_1)
FNDA:5,(anonymous_2)
FNDA:13,(anonymous_3)
FNDA:6,(anonymous_4)
FNDA:3,(anonymous_5)
FNDA:7,(anonymous_6)
DA:1,8
DA:16,20
DA:17,20
DA:18,20
DA:19,20
DA:20,20
DA:23,10
DA:24,5
DA:25,13
DA:26,6
DA:27,3
DA:30,7
LF:12
LH:12
BRF:0
BRH:0
end_of_record
TN:
SF:src\repositories\DynamoDBRepository.ts
FN:11,(anonymous_7)
FN:15,(anonymous_8)
FN:29,(anonymous_10)
FNF:3
FNH:3
FNDA:1,(anonymous_7)
FNDA:1,(anonymous_8)
FNDA:1,(anonymous_10)
DA:1,2
DA:2,2
DA:3,2
DA:7,2
DA:12,1
DA:16,1
DA:31,1
DA:37,1
DA:39,1
LF:9
LH:9
BRF:0
BRH:0
end_of_record
TN:
SF:src\repositories\RedisRepository.ts
FN:8,(anonymous_7)
FN:16,(anonymous_8)
FN:21,(anonymous_10)
FNF:3
FNH:3
FNDA:1,(anonymous_7)
FNDA:1,(anonymous_8)
FNDA:1,(anonymous_10)
DA:1,2
DA:2,2
DA:5,2
DA:9,1
DA:13,1
DA:17,1
DA:18,1
DA:22,1
DA:23,1
DA:25,1
LF:10
LH:10
BRF:0
BRH:0
end_of_record
TN:
SF:src\services\ShortenerService.ts
FN:9,(anonymous_7)
FN:15,(anonymous_8)
FN:33,(anonymous_10)
FN:47,(anonymous_12)
FNF:4
FNH:4
FNDA:3,(anonymous_7)
FNDA:4,(anonymous_8)
FNDA:7,(anonymous_10)
FNDA:6,(anonymous_12)
DA:2,3
DA:7,3
DA:10,3
DA:11,3
DA:12,3
DA:16,4
DA:17,4
DA:25,4
DA:26,4
DA:28,4
DA:30,4
DA:34,7
DA:35,7
DA:36,4
DA:37,2
DA:40,5
DA:41,3
DA:42,1
DA:43,1
DA:49,6
DA:51,4
DA:52,4
DA:60,3
DA:61,3
DA:63,3
DA:65,3
LF:26
LH:26
BRDA:20,0,0,3
BRDA:20,0,1,1
BRDA:20,1,0,4
BRDA:20,1,1,4
BRDA:36,2,0,1
BRDA:41,3,0,1
BRDA:55,4,0,3
BRDA:55,4,1,1
BRDA:55,5,0,4
BRDA:55,5,1,4
BRF:10
BRH:10
end_of_record
TN:
SF:src\utils\Crc32HashGenerator.ts
FN:5,(anonymous_0)
FNF:1
FNH:1
FNDA:1,(anonymous_0)
DA:2,1
DA:4,1
DA:6,1
LF:3
LH:3
BRF:0
BRH:0
end_of_record
TN:
SF:src\utils\ResponseBuilder.ts
FN:8,(anonymous_0)
FN:15,(anonymous_1)
FN:20,(anonymous_2)
FN:25,(anonymous_3)
FN:30,(anonymous_4)
FNF:5
FNH:5
FNDA:3,(anonymous_0)
FNDA:9,(anonymous_1)
FNDA:8,(anonymous_2)
FNDA:2,(anonymous_3)
FNDA:9,(anonymous_4)
DA:8,3
DA:11,3
DA:16,9
DA:17,9
DA:21,8
DA:22,8
DA:26,2
DA:27,2
DA:31,9
LF:9
LH:9
BRF:0
BRH:0
end_of_record
TN:
SF:src\utils\ShortIdHashGenerator.ts
FN:5,(anonymous_0)
FNF:1
FNH:1
FNDA:4,(anonymous_0)
DA:1,3
DA:4,3
DA:6,4
DA:7,4
LF:4
LH:4
BRF:0
BRH:0
end_of_record
